[1.511s] Invoking command in '/home/zero/Desktop/ISDC/cov_ws/src/Coverage_Planner': PYTHONPATH=/home/zero/Desktop/ISDC/cov_ws/build/Coverage_Planner/prefix_override:/usr/lib/python3/dist-packages/colcon_core/task/python/colcon_distutils_commands:/home/zero/Desktop/ISDC/cov_ws/install/Coverage_Planner/lib/python3.10/site-packages:${PYTHONPATH} /usr/bin/python3 -W ignore:setup.py install is deprecated setup.py egg_info --egg-base ../../build/Coverage_Planner build --build-base /home/zero/Desktop/ISDC/cov_ws/build/Coverage_Planner/build install --record /home/zero/Desktop/ISDC/cov_ws/build/Coverage_Planner/install.log --single-version-externally-managed install_data
[2.002s] running egg_info
[2.041s] writing ../../build/Coverage_Planner/Coverage_Planner.egg-info/PKG-INFO
[2.042s] writing dependency_links to ../../build/Coverage_Planner/Coverage_Planner.egg-info/dependency_links.txt
[2.042s] writing entry points to ../../build/Coverage_Planner/Coverage_Planner.egg-info/entry_points.txt
[2.042s] writing requirements to ../../build/Coverage_Planner/Coverage_Planner.egg-info/requires.txt
[2.043s] writing top-level names to ../../build/Coverage_Planner/Coverage_Planner.egg-info/top_level.txt
[2.122s] reading manifest file '../../build/Coverage_Planner/Coverage_Planner.egg-info/SOURCES.txt'
[2.125s] writing manifest file '../../build/Coverage_Planner/Coverage_Planner.egg-info/SOURCES.txt'
[2.125s] running build
[2.125s] running build_py
[2.125s] copying Coverage_Planner/OdometryTest.py -> /home/zero/Desktop/ISDC/cov_ws/build/Coverage_Planner/build/lib/Coverage_Planner
[2.126s] copying Coverage_Planner/CoverageWaypointGeneration.py -> /home/zero/Desktop/ISDC/cov_ws/build/Coverage_Planner/build/lib/Coverage_Planner
[2.126s] copying Coverage_Planner/Takeoff_and_Land_Test.py -> /home/zero/Desktop/ISDC/cov_ws/build/Coverage_Planner/build/lib/Coverage_Planner
[2.126s] copying Coverage_Planner/__init__.py -> /home/zero/Desktop/ISDC/cov_ws/build/Coverage_Planner/build/lib/Coverage_Planner
[2.127s] copying Coverage_Planner/CubeOrangeTest.py -> /home/zero/Desktop/ISDC/cov_ws/build/Coverage_Planner/build/lib/Coverage_Planner
[2.127s] copying Coverage_Planner/ArmDisarm.py -> /home/zero/Desktop/ISDC/cov_ws/build/Coverage_Planner/build/lib/Coverage_Planner
[2.127s] copying Coverage_Planner/OdometryPub.py -> /home/zero/Desktop/ISDC/cov_ws/build/Coverage_Planner/build/lib/Coverage_Planner
[2.128s] copying Coverage_Planner/SimpleMission.py -> /home/zero/Desktop/ISDC/cov_ws/build/Coverage_Planner/build/lib/Coverage_Planner
[2.128s] copying Coverage_Planner/Waypoint.py -> /home/zero/Desktop/ISDC/cov_ws/build/Coverage_Planner/build/lib/Coverage_Planner
[2.128s] copying Coverage_Planner/Mission.py -> /home/zero/Desktop/ISDC/cov_ws/build/Coverage_Planner/build/lib/Coverage_Planner
[2.129s] copying Coverage_Planner/Control_Test.py -> /home/zero/Desktop/ISDC/cov_ws/build/Coverage_Planner/build/lib/Coverage_Planner
[2.129s] running install
[2.137s] running install_lib
[2.176s] copying /home/zero/Desktop/ISDC/cov_ws/build/Coverage_Planner/build/lib/Coverage_Planner/CoverageWaypointGeneration.py -> /home/zero/Desktop/ISDC/cov_ws/install/Coverage_Planner/lib/python3.10/site-packages/Coverage_Planner
[2.177s] byte-compiling /home/zero/Desktop/ISDC/cov_ws/install/Coverage_Planner/lib/python3.10/site-packages/Coverage_Planner/CoverageWaypointGeneration.py to CoverageWaypointGeneration.cpython-310.pyc
[2.180s] running install_data
[2.181s] copying resource/Coverage_Planner -> /home/zero/Desktop/ISDC/cov_ws/install/Coverage_Planner/share/ament_index/resource_index/packages
[2.181s] copying package.xml -> /home/zero/Desktop/ISDC/cov_ws/install/Coverage_Planner/share/Coverage_Planner
[2.182s] copying Waypoints/CoverageTest.json -> /home/zero/Desktop/ISDC/cov_ws/install/Coverage_Planner/share/Coverage_Planner/Waypoints
[2.182s] copying Waypoints/Square Mission(Fuck Solar).json -> /home/zero/Desktop/ISDC/cov_ws/install/Coverage_Planner/share/Coverage_Planner/Waypoints
[2.182s] copying Waypoints/Test Mission(I'm scared af).json -> /home/zero/Desktop/ISDC/cov_ws/install/Coverage_Planner/share/Coverage_Planner/Waypoints
[2.183s] copying Waypoints/First Mission(I'm still scared af).json -> /home/zero/Desktop/ISDC/cov_ws/install/Coverage_Planner/share/Coverage_Planner/Waypoints
[2.183s] copying Waypoints/coverage_boundary.json -> /home/zero/Desktop/ISDC/cov_ws/install/Coverage_Planner/share/Coverage_Planner/Waypoints
[2.183s] running install_egg_info
[2.223s] removing '/home/zero/Desktop/ISDC/cov_ws/install/Coverage_Planner/lib/python3.10/site-packages/Coverage_Planner-0.0.0-py3.10.egg-info' (and everything under it)
[2.224s] Copying ../../build/Coverage_Planner/Coverage_Planner.egg-info to /home/zero/Desktop/ISDC/cov_ws/install/Coverage_Planner/lib/python3.10/site-packages/Coverage_Planner-0.0.0-py3.10.egg-info
[2.225s] running install_scripts
[2.501s] Installing ArmCheck script to /home/zero/Desktop/ISDC/cov_ws/install/Coverage_Planner/lib/Coverage_Planner
[2.501s] Installing Connect script to /home/zero/Desktop/ISDC/cov_ws/install/Coverage_Planner/lib/Coverage_Planner
[2.501s] Installing CubeOrangeTest script to /home/zero/Desktop/ISDC/cov_ws/install/Coverage_Planner/lib/Coverage_Planner
[2.501s] Installing Mission script to /home/zero/Desktop/ISDC/cov_ws/install/Coverage_Planner/lib/Coverage_Planner
[2.502s] Installing Odometry script to /home/zero/Desktop/ISDC/cov_ws/install/Coverage_Planner/lib/Coverage_Planner
[2.502s] Installing Takeoff_Land script to /home/zero/Desktop/ISDC/cov_ws/install/Coverage_Planner/lib/Coverage_Planner
[2.502s] Installing WaypointGeneration script to /home/zero/Desktop/ISDC/cov_ws/install/Coverage_Planner/lib/Coverage_Planner
[2.502s] Installing WaypointManual script to /home/zero/Desktop/ISDC/cov_ws/install/Coverage_Planner/lib/Coverage_Planner
[2.503s] writing list of installed files to '/home/zero/Desktop/ISDC/cov_ws/build/Coverage_Planner/install.log'
[2.542s] Invoked command in '/home/zero/Desktop/ISDC/cov_ws/src/Coverage_Planner' returned '0': PYTHONPATH=/home/zero/Desktop/ISDC/cov_ws/build/Coverage_Planner/prefix_override:/usr/lib/python3/dist-packages/colcon_core/task/python/colcon_distutils_commands:/home/zero/Desktop/ISDC/cov_ws/install/Coverage_Planner/lib/python3.10/site-packages:${PYTHONPATH} /usr/bin/python3 -W ignore:setup.py install is deprecated setup.py egg_info --egg-base ../../build/Coverage_Planner build --build-base /home/zero/Desktop/ISDC/cov_ws/build/Coverage_Planner/build install --record /home/zero/Desktop/ISDC/cov_ws/build/Coverage_Planner/install.log --single-version-externally-managed install_data
