[1.455s] Invoking command in '/home/zero/Desktop/ISDC/cov_ws/src/Coverage_Planner': PYTHONPATH=/home/zero/Desktop/ISDC/cov_ws/build/Coverage_Planner/prefix_override:/usr/lib/python3/dist-packages/colcon_core/task/python/colcon_distutils_commands:/home/zero/Desktop/ISDC/cov_ws/install/Coverage_Planner/lib/python3.10/site-packages:${PYTHONPATH} /usr/bin/python3 -W ignore:setup.py install is deprecated setup.py egg_info --egg-base ../../build/Coverage_Planner build --build-base /home/zero/Desktop/ISDC/cov_ws/build/Coverage_Planner/build install --record /home/zero/Desktop/ISDC/cov_ws/build/Coverage_Planner/install.log --single-version-externally-managed install_data
[1.941s] running egg_info
[1.979s] writing ../../build/Coverage_Planner/Coverage_Planner.egg-info/PKG-INFO
[1.980s] writing dependency_links to ../../build/Coverage_Planner/Coverage_Planner.egg-info/dependency_links.txt
[1.980s] writing entry points to ../../build/Coverage_Planner/Coverage_Planner.egg-info/entry_points.txt
[1.981s] writing requirements to ../../build/Coverage_Planner/Coverage_Planner.egg-info/requires.txt
[1.981s] writing top-level names to ../../build/Coverage_Planner/Coverage_Planner.egg-info/top_level.txt
[2.059s] reading manifest file '../../build/Coverage_Planner/Coverage_Planner.egg-info/SOURCES.txt'
[2.062s] writing manifest file '../../build/Coverage_Planner/Coverage_Planner.egg-info/SOURCES.txt'
[2.062s] running build
[2.062s] running build_py
[2.063s] copying Coverage_Planner/OdometryTest.py -> /home/zero/Desktop/ISDC/cov_ws/build/Coverage_Planner/build/lib/Coverage_Planner
[2.063s] copying Coverage_Planner/CoverageWaypointGeneration.py -> /home/zero/Desktop/ISDC/cov_ws/build/Coverage_Planner/build/lib/Coverage_Planner
[2.063s] copying Coverage_Planner/Takeoff_and_Land_Test.py -> /home/zero/Desktop/ISDC/cov_ws/build/Coverage_Planner/build/lib/Coverage_Planner
[2.064s] copying Coverage_Planner/__init__.py -> /home/zero/Desktop/ISDC/cov_ws/build/Coverage_Planner/build/lib/Coverage_Planner
[2.064s] copying Coverage_Planner/CubeOrangeTest.py -> /home/zero/Desktop/ISDC/cov_ws/build/Coverage_Planner/build/lib/Coverage_Planner
[2.064s] copying Coverage_Planner/ArmDisarm.py -> /home/zero/Desktop/ISDC/cov_ws/build/Coverage_Planner/build/lib/Coverage_Planner
[2.064s] copying Coverage_Planner/OdometryPub.py -> /home/zero/Desktop/ISDC/cov_ws/build/Coverage_Planner/build/lib/Coverage_Planner
[2.065s] copying Coverage_Planner/SimpleMission.py -> /home/zero/Desktop/ISDC/cov_ws/build/Coverage_Planner/build/lib/Coverage_Planner
[2.065s] copying Coverage_Planner/Waypoint.py -> /home/zero/Desktop/ISDC/cov_ws/build/Coverage_Planner/build/lib/Coverage_Planner
[2.065s] copying Coverage_Planner/Mission.py -> /home/zero/Desktop/ISDC/cov_ws/build/Coverage_Planner/build/lib/Coverage_Planner
[2.065s] copying Coverage_Planner/Control_Test.py -> /home/zero/Desktop/ISDC/cov_ws/build/Coverage_Planner/build/lib/Coverage_Planner
[2.066s] running install
[2.073s] running install_lib
[2.115s] copying /home/zero/Desktop/ISDC/cov_ws/build/Coverage_Planner/build/lib/Coverage_Planner/Mission.py -> /home/zero/Desktop/ISDC/cov_ws/install/Coverage_Planner/lib/python3.10/site-packages/Coverage_Planner
[2.117s] byte-compiling /home/zero/Desktop/ISDC/cov_ws/install/Coverage_Planner/lib/python3.10/site-packages/Coverage_Planner/Mission.py to Mission.cpython-310.pyc
[2.121s] running install_data
[2.122s] copying resource/Coverage_Planner -> /home/zero/Desktop/ISDC/cov_ws/install/Coverage_Planner/share/ament_index/resource_index/packages
[2.122s] copying package.xml -> /home/zero/Desktop/ISDC/cov_ws/install/Coverage_Planner/share/Coverage_Planner
[2.123s] copying Waypoints/CoverageTest.json -> /home/zero/Desktop/ISDC/cov_ws/install/Coverage_Planner/share/Coverage_Planner/Waypoints
[2.123s] copying Waypoints/Square Mission(Fuck Solar).json -> /home/zero/Desktop/ISDC/cov_ws/install/Coverage_Planner/share/Coverage_Planner/Waypoints
[2.123s] copying Waypoints/Test Mission(I'm scared af).json -> /home/zero/Desktop/ISDC/cov_ws/install/Coverage_Planner/share/Coverage_Planner/Waypoints
[2.123s] copying Waypoints/First Mission(I'm still scared af).json -> /home/zero/Desktop/ISDC/cov_ws/install/Coverage_Planner/share/Coverage_Planner/Waypoints
[2.124s] copying Waypoints/coverage_boundary.json -> /home/zero/Desktop/ISDC/cov_ws/install/Coverage_Planner/share/Coverage_Planner/Waypoints
[2.124s] running install_egg_info
[2.162s] removing '/home/zero/Desktop/ISDC/cov_ws/install/Coverage_Planner/lib/python3.10/site-packages/Coverage_Planner-0.0.0-py3.10.egg-info' (and everything under it)
[2.163s] Copying ../../build/Coverage_Planner/Coverage_Planner.egg-info to /home/zero/Desktop/ISDC/cov_ws/install/Coverage_Planner/lib/python3.10/site-packages/Coverage_Planner-0.0.0-py3.10.egg-info
[2.164s] running install_scripts
[2.455s] Installing ArmCheck script to /home/zero/Desktop/ISDC/cov_ws/install/Coverage_Planner/lib/Coverage_Planner
[2.455s] Installing Connect script to /home/zero/Desktop/ISDC/cov_ws/install/Coverage_Planner/lib/Coverage_Planner
[2.455s] Installing CubeOrangeTest script to /home/zero/Desktop/ISDC/cov_ws/install/Coverage_Planner/lib/Coverage_Planner
[2.455s] Installing Mission script to /home/zero/Desktop/ISDC/cov_ws/install/Coverage_Planner/lib/Coverage_Planner
[2.456s] Installing Odometry script to /home/zero/Desktop/ISDC/cov_ws/install/Coverage_Planner/lib/Coverage_Planner
[2.456s] Installing Takeoff_Land script to /home/zero/Desktop/ISDC/cov_ws/install/Coverage_Planner/lib/Coverage_Planner
[2.456s] Installing WaypointGeneration script to /home/zero/Desktop/ISDC/cov_ws/install/Coverage_Planner/lib/Coverage_Planner
[2.456s] Installing WaypointManual script to /home/zero/Desktop/ISDC/cov_ws/install/Coverage_Planner/lib/Coverage_Planner
[2.457s] writing list of installed files to '/home/zero/Desktop/ISDC/cov_ws/build/Coverage_Planner/install.log'
[2.498s] Invoked command in '/home/zero/Desktop/ISDC/cov_ws/src/Coverage_Planner' returned '0': PYTHONPATH=/home/zero/Desktop/ISDC/cov_ws/build/Coverage_Planner/prefix_override:/usr/lib/python3/dist-packages/colcon_core/task/python/colcon_distutils_commands:/home/zero/Desktop/ISDC/cov_ws/install/Coverage_Planner/lib/python3.10/site-packages:${PYTHONPATH} /usr/bin/python3 -W ignore:setup.py install is deprecated setup.py egg_info --egg-base ../../build/Coverage_Planner build --build-base /home/zero/Desktop/ISDC/cov_ws/build/Coverage_Planner/build install --record /home/zero/Desktop/ISDC/cov_ws/build/Coverage_Planner/install.log --single-version-externally-managed install_data
