/home/zero/Desktop/ISDC/cov_ws/install/Coverage_Planner/lib/python3.10/site-packages/Coverage_Planner/OdometryTest.py
/home/zero/Desktop/ISDC/cov_ws/install/Coverage_Planner/lib/python3.10/site-packages/Coverage_Planner/CoverageWaypointGeneration.py
/home/zero/Desktop/ISDC/cov_ws/install/Coverage_Planner/lib/python3.10/site-packages/Coverage_Planner/Takeoff_and_Land_Test.py
/home/zero/Desktop/ISDC/cov_ws/install/Coverage_Planner/lib/python3.10/site-packages/Coverage_Planner/__init__.py
/home/zero/Desktop/ISDC/cov_ws/install/Coverage_Planner/lib/python3.10/site-packages/Coverage_Planner/CubeOrangeTest.py
/home/zero/Desktop/ISDC/cov_ws/install/Coverage_Planner/lib/python3.10/site-packages/Coverage_Planner/ArmDisarm.py
/home/zero/Desktop/ISDC/cov_ws/install/Coverage_Planner/lib/python3.10/site-packages/Coverage_Planner/OdometryPub.py
/home/zero/Desktop/ISDC/cov_ws/install/Coverage_Planner/lib/python3.10/site-packages/Coverage_Planner/ScienceMission.py
/home/zero/Desktop/ISDC/cov_ws/install/Coverage_Planner/lib/python3.10/site-packages/Coverage_Planner/SimpleMission.py
/home/zero/Desktop/ISDC/cov_ws/install/Coverage_Planner/lib/python3.10/site-packages/Coverage_Planner/Waypoint.py
/home/zero/Desktop/ISDC/cov_ws/install/Coverage_Planner/lib/python3.10/site-packages/Coverage_Planner/ScienceWaypointGen.py
/home/zero/Desktop/ISDC/cov_ws/install/Coverage_Planner/lib/python3.10/site-packages/Coverage_Planner/Mission.py
/home/zero/Desktop/ISDC/cov_ws/install/Coverage_Planner/lib/python3.10/site-packages/Coverage_Planner/Control_Test.py
/home/zero/Desktop/ISDC/cov_ws/install/Coverage_Planner/lib/python3.10/site-packages/Coverage_Planner/__pycache__/OdometryTest.cpython-310.pyc
/home/zero/Desktop/ISDC/cov_ws/install/Coverage_Planner/lib/python3.10/site-packages/Coverage_Planner/__pycache__/CoverageWaypointGeneration.cpython-310.pyc
/home/zero/Desktop/ISDC/cov_ws/install/Coverage_Planner/lib/python3.10/site-packages/Coverage_Planner/__pycache__/Takeoff_and_Land_Test.cpython-310.pyc
/home/zero/Desktop/ISDC/cov_ws/install/Coverage_Planner/lib/python3.10/site-packages/Coverage_Planner/__pycache__/__init__.cpython-310.pyc
/home/zero/Desktop/ISDC/cov_ws/install/Coverage_Planner/lib/python3.10/site-packages/Coverage_Planner/__pycache__/CubeOrangeTest.cpython-310.pyc
/home/zero/Desktop/ISDC/cov_ws/install/Coverage_Planner/lib/python3.10/site-packages/Coverage_Planner/__pycache__/ArmDisarm.cpython-310.pyc
/home/zero/Desktop/ISDC/cov_ws/install/Coverage_Planner/lib/python3.10/site-packages/Coverage_Planner/__pycache__/OdometryPub.cpython-310.pyc
/home/zero/Desktop/ISDC/cov_ws/install/Coverage_Planner/lib/python3.10/site-packages/Coverage_Planner/__pycache__/ScienceMission.cpython-310.pyc
/home/zero/Desktop/ISDC/cov_ws/install/Coverage_Planner/lib/python3.10/site-packages/Coverage_Planner/__pycache__/SimpleMission.cpython-310.pyc
/home/zero/Desktop/ISDC/cov_ws/install/Coverage_Planner/lib/python3.10/site-packages/Coverage_Planner/__pycache__/Waypoint.cpython-310.pyc
/home/zero/Desktop/ISDC/cov_ws/install/Coverage_Planner/lib/python3.10/site-packages/Coverage_Planner/__pycache__/ScienceWaypointGen.cpython-310.pyc
/home/zero/Desktop/ISDC/cov_ws/install/Coverage_Planner/lib/python3.10/site-packages/Coverage_Planner/__pycache__/Mission.cpython-310.pyc
/home/zero/Desktop/ISDC/cov_ws/install/Coverage_Planner/lib/python3.10/site-packages/Coverage_Planner/__pycache__/Control_Test.cpython-310.pyc
/home/zero/Desktop/ISDC/cov_ws/install/Coverage_Planner/share/ament_index/resource_index/packages/Coverage_Planner
/home/zero/Desktop/ISDC/cov_ws/install/Coverage_Planner/share/Coverage_Planner/package.xml
/home/zero/Desktop/ISDC/cov_ws/install/Coverage_Planner/share/Coverage_Planner/Waypoints/coverage_waypoints.json
/home/zero/Desktop/ISDC/cov_ws/install/Coverage_Planner/share/Coverage_Planner/Waypoints/CoverageTest.json
/home/zero/Desktop/ISDC/cov_ws/install/Coverage_Planner/share/Coverage_Planner/Waypoints/Square Mission(Fuck Solar).json
/home/zero/Desktop/ISDC/cov_ws/install/Coverage_Planner/share/Coverage_Planner/Waypoints/Test Mission(I'm scared af).json
/home/zero/Desktop/ISDC/cov_ws/install/Coverage_Planner/share/Coverage_Planner/Waypoints/First Mission(I'm still scared af).json
/home/zero/Desktop/ISDC/cov_ws/install/Coverage_Planner/share/Coverage_Planner/Waypoints/coverage_boundary.json
/home/zero/Desktop/ISDC/cov_ws/install/Coverage_Planner/lib/python3.10/site-packages/Coverage_Planner-0.0.0-py3.10.egg-info/zip-safe
/home/zero/Desktop/ISDC/cov_ws/install/Coverage_Planner/lib/python3.10/site-packages/Coverage_Planner-0.0.0-py3.10.egg-info/dependency_links.txt
/home/zero/Desktop/ISDC/cov_ws/install/Coverage_Planner/lib/python3.10/site-packages/Coverage_Planner-0.0.0-py3.10.egg-info/PKG-INFO
/home/zero/Desktop/ISDC/cov_ws/install/Coverage_Planner/lib/python3.10/site-packages/Coverage_Planner-0.0.0-py3.10.egg-info/top_level.txt
/home/zero/Desktop/ISDC/cov_ws/install/Coverage_Planner/lib/python3.10/site-packages/Coverage_Planner-0.0.0-py3.10.egg-info/requires.txt
/home/zero/Desktop/ISDC/cov_ws/install/Coverage_Planner/lib/python3.10/site-packages/Coverage_Planner-0.0.0-py3.10.egg-info/entry_points.txt
/home/zero/Desktop/ISDC/cov_ws/install/Coverage_Planner/lib/python3.10/site-packages/Coverage_Planner-0.0.0-py3.10.egg-info/SOURCES.txt
/home/zero/Desktop/ISDC/cov_ws/install/Coverage_Planner/lib/Coverage_Planner/ArmCheck
/home/zero/Desktop/ISDC/cov_ws/install/Coverage_Planner/lib/Coverage_Planner/Connect
/home/zero/Desktop/ISDC/cov_ws/install/Coverage_Planner/lib/Coverage_Planner/CoverageMission
/home/zero/Desktop/ISDC/cov_ws/install/Coverage_Planner/lib/Coverage_Planner/CoverageWaypointGeneration
/home/zero/Desktop/ISDC/cov_ws/install/Coverage_Planner/lib/Coverage_Planner/CubeOrangeTest
/home/zero/Desktop/ISDC/cov_ws/install/Coverage_Planner/lib/Coverage_Planner/Odometry
/home/zero/Desktop/ISDC/cov_ws/install/Coverage_Planner/lib/Coverage_Planner/ScienceMission
/home/zero/Desktop/ISDC/cov_ws/install/Coverage_Planner/lib/Coverage_Planner/ScienceWaypointGeneration
/home/zero/Desktop/ISDC/cov_ws/install/Coverage_Planner/lib/Coverage_Planner/Takeoff_Land
/home/zero/Desktop/ISDC/cov_ws/install/Coverage_Planner/lib/Coverage_Planner/WaypointManual
