[0.867s] Invoking command in '/home/zero/Desktop/ISDC/cov_ws/src/Coverage_Planner': PYTHONPATH=/home/zero/Desktop/ISDC/cov_ws/build/Coverage_Planner/prefix_override:/usr/lib/python3/dist-packages/colcon_core/task/python/colcon_distutils_commands:/home/zero/Desktop/ISDC/cov_ws/install/Coverage_Planner/lib/python3.10/site-packages:${PYTHONPATH} /usr/bin/python3 -W ignore:setup.py install is deprecated setup.py egg_info --egg-base ../../build/Coverage_Planner build --build-base /home/zero/Desktop/ISDC/cov_ws/build/Coverage_Planner/build install --record /home/zero/Desktop/ISDC/cov_ws/build/Coverage_Planner/install.log --single-version-externally-managed install_data
[1.111s] running egg_info
[1.130s] writing ../../build/Coverage_Planner/Coverage_Planner.egg-info/PKG-INFO
[1.130s] writing dependency_links to ../../build/Coverage_Planner/Coverage_Planner.egg-info/dependency_links.txt
[1.130s] writing entry points to ../../build/Coverage_Planner/Coverage_Planner.egg-info/entry_points.txt
[1.130s] writing requirements to ../../build/Coverage_Planner/Coverage_Planner.egg-info/requires.txt
[1.131s] writing top-level names to ../../build/Coverage_Planner/Coverage_Planner.egg-info/top_level.txt
[1.167s] reading manifest file '../../build/Coverage_Planner/Coverage_Planner.egg-info/SOURCES.txt'
[1.168s] writing manifest file '../../build/Coverage_Planner/Coverage_Planner.egg-info/SOURCES.txt'
[1.169s] running build
[1.169s] running build_py
[1.169s] copying Coverage_Planner/WaypointGeneration.py -> /home/zero/Desktop/ISDC/cov_ws/build/Coverage_Planner/build/lib/Coverage_Planner
[1.169s] copying Coverage_Planner/OdometryTest.py -> /home/zero/Desktop/ISDC/cov_ws/build/Coverage_Planner/build/lib/Coverage_Planner
[1.169s] copying Coverage_Planner/Connect.py -> /home/zero/Desktop/ISDC/cov_ws/build/Coverage_Planner/build/lib/Coverage_Planner
[1.170s] copying Coverage_Planner/Takeoff_and_Land_Test.py -> /home/zero/Desktop/ISDC/cov_ws/build/Coverage_Planner/build/lib/Coverage_Planner
[1.170s] copying Coverage_Planner/__init__.py -> /home/zero/Desktop/ISDC/cov_ws/build/Coverage_Planner/build/lib/Coverage_Planner
[1.170s] copying Coverage_Planner/WpGenerationTest.py -> /home/zero/Desktop/ISDC/cov_ws/build/Coverage_Planner/build/lib/Coverage_Planner
[1.170s] copying Coverage_Planner/Takeoff.py -> /home/zero/Desktop/ISDC/cov_ws/build/Coverage_Planner/build/lib/Coverage_Planner
[1.171s] copying Coverage_Planner/SimpleMission.py -> /home/zero/Desktop/ISDC/cov_ws/build/Coverage_Planner/build/lib/Coverage_Planner
[1.171s] copying Coverage_Planner/Waypoint.py -> /home/zero/Desktop/ISDC/cov_ws/build/Coverage_Planner/build/lib/Coverage_Planner
[1.171s] copying Coverage_Planner/Control_Test.py -> /home/zero/Desktop/ISDC/cov_ws/build/Coverage_Planner/build/lib/Coverage_Planner
[1.171s] running install
[1.175s] running install_lib
[1.193s] copying /home/zero/Desktop/ISDC/cov_ws/build/Coverage_Planner/build/lib/Coverage_Planner/OdometryTest.py -> /home/zero/Desktop/ISDC/cov_ws/install/Coverage_Planner/lib/python3.10/site-packages/Coverage_Planner
[1.193s] byte-compiling /home/zero/Desktop/ISDC/cov_ws/install/Coverage_Planner/lib/python3.10/site-packages/Coverage_Planner/OdometryTest.py to OdometryTest.cpython-310.pyc
[1.194s] running install_data
[1.194s] copying resource/Coverage_Planner -> /home/zero/Desktop/ISDC/cov_ws/install/Coverage_Planner/share/ament_index/resource_index/packages
[1.195s] copying package.xml -> /home/zero/Desktop/ISDC/cov_ws/install/Coverage_Planner/share/Coverage_Planner
[1.195s] running install_egg_info
[1.213s] removing '/home/zero/Desktop/ISDC/cov_ws/install/Coverage_Planner/lib/python3.10/site-packages/Coverage_Planner-0.0.0-py3.10.egg-info' (and everything under it)
[1.214s] Copying ../../build/Coverage_Planner/Coverage_Planner.egg-info to /home/zero/Desktop/ISDC/cov_ws/install/Coverage_Planner/lib/python3.10/site-packages/Coverage_Planner-0.0.0-py3.10.egg-info
[1.215s] running install_scripts
[1.360s] Installing Connect script to /home/zero/Desktop/ISDC/cov_ws/install/Coverage_Planner/lib/Coverage_Planner
[1.360s] Installing Odometry script to /home/zero/Desktop/ISDC/cov_ws/install/Coverage_Planner/lib/Coverage_Planner
[1.360s] writing list of installed files to '/home/zero/Desktop/ISDC/cov_ws/build/Coverage_Planner/install.log'
[1.381s] Invoked command in '/home/zero/Desktop/ISDC/cov_ws/src/Coverage_Planner' returned '0': PYTHONPATH=/home/zero/Desktop/ISDC/cov_ws/build/Coverage_Planner/prefix_override:/usr/lib/python3/dist-packages/colcon_core/task/python/colcon_distutils_commands:/home/zero/Desktop/ISDC/cov_ws/install/Coverage_Planner/lib/python3.10/site-packages:${PYTHONPATH} /usr/bin/python3 -W ignore:setup.py install is deprecated setup.py egg_info --egg-base ../../build/Coverage_Planner build --build-base /home/zero/Desktop/ISDC/cov_ws/build/Coverage_Planner/build install --record /home/zero/Desktop/ISDC/cov_ws/build/Coverage_Planner/install.log --single-version-externally-managed install_data
